<?xml version="1.0" encoding="UTF-8"?>
<!-- Generated by org.testng.reporters.JUnitReportReporter -->
<testsuite hostname="DESKTOP-9SCBVFG" failures="0" tests="1" name="restassured.GetEmployees" time="1.313" errors="0" timestamp="30 Aug 2023 18:58:41 GMT" skipped="0">
  <testcase classname="restassured.GetEmployees" name="allEmployees" time="1.313"/>
</testsuite> <!-- restassured.GetEmployees -->
