<?xml version="1.0" encoding="UTF-8"?>
<!-- Generated by org.testng.reporters.JUnitReportReporter -->
<testsuite hostname="DESKTOP-9SCBVFG" failures="0" tests="7" name="restassured.AllTests" time="1.836" errors="0" timestamp="31 Aug 2023 13:50:17 GMT" skipped="0">
  <testcase classname="restassured.AllTests" name="TC03_updateEmployee" time="0.041"/>
  <testcase classname="restassured.AllTests" name="TC02_postEmployee" time="0.327"/>
  <testcase classname="restassured.AllTests" name="TC07_allgetEmployee" time="0.031"/>
  <testcase classname="restassured.AllTests" name="TC01_getallEmployee" time="1.354"/>
  <testcase classname="restassured.AllTests" name="TC04_getSingleEmployee" time="0.032"/>
  <testcase classname="restassured.AllTests" name="TC05_deleteEmployee" time="0.030"/>
  <testcase classname="restassured.AllTests" name="TC06_getSingleEmployee" time="0.021"/>
</testsuite> <!-- restassured.AllTests -->
